AndroidStudio/SmartHMA/app/manifest-merger-release-report.txt
-- Merging decision tree log ---
manifest
ADDED from AndroidManifest.xml:2:1
	xmlns:android
		ADDED from AndroidManifest.xml:2:11
	package
		ADDED from AndroidManifest.xml:3:5
		INJECTED from AndroidManifest.xml:0:0
		INJECTED from AndroidManifest.xml:0:0
	android:versionName
		ADDED from AndroidManifest.xml:5:5
	android:versionCode
		ADDED from AndroidManifest.xml:4:5
		INJECTED from AndroidManifest.xml:0:0
		INJECTED from AndroidManifest.xml:0:0
<<<<<<< HEAD
<<<<<<< HEAD
	xmlns:android
		ADDED from AndroidManifest.xml:2:11
uses-permission#android.permission.INTERNET
ADDED from AndroidManifest.xml:7:5
	android:name
		ADDED from AndroidManifest.xml:7:22
uses-permission#com.google.android.providers.gsf.permission.READ_GSERVICES
ADDED from AndroidManifest.xml:8:5
	android:name
		ADDED from AndroidManifest.xml:8:22
uses-permission#android.permission.ACCESS_FINE_LOCATION
ADDED from AndroidManifest.xml:9:5
	android:name
		ADDED from AndroidManifest.xml:9:22
uses-permission#android.permission.ACCESS_COARSE_LOCATION
ADDED from AndroidManifest.xml:10:5
	android:name
		ADDED from AndroidManifest.xml:10:22
uses-permission#android.permission.WRITE_EXTERNAL_STORAGE
ADDED from AndroidManifest.xml:11:5
	android:name
		ADDED from AndroidManifest.xml:11:22
uses-permission#android.permission.READ_EXTERNAL_STORAGE
ADDED from AndroidManifest.xml:12:5
	android:name
		ADDED from AndroidManifest.xml:12:22
uses-permission#android.permission.ACCESS_NETWORK_STATE
ADDED from AndroidManifest.xml:13:5
	android:name
		ADDED from AndroidManifest.xml:13:22
uses-permission#android.permission.ACCESS_WIFI_STATE
ADDED from AndroidManifest.xml:14:5
	android:name
		ADDED from AndroidManifest.xml:14:22
uses-feature#0x00020000
ADDED from AndroidManifest.xml:16:5
	android:glEsVersion
		ADDED from AndroidManifest.xml:17:9
	android:required
		ADDED from AndroidManifest.xml:18:9
application
ADDED from AndroidManifest.xml:20:5
MERGED from com.android.support:support-v4:22.0.0:22:5
MERGED from com.android.support:appcompat-v7:22.0.0:22:5
MERGED from com.android.support:support-v4:22.0.0:22:5
MERGED from com.google.android.gms:play-services:6.5.87:20:5
MERGED from com.android.support:support-v4:22.0.0:22:5
MERGED from com.amazon.android:amazon-maps-api:2.0:9:5
MERGED from com.facebook.android:facebook-android-sdk:3.22.0:24:5
MERGED from com.android.support:support-v4:22.0.0:22:5
MERGED from com.wunderlist:sliding-layer:1.1.1:26:5
MERGED from com.android.support:support-v4:22.0.0:22:5
	android:label
		ADDED from AndroidManifest.xml:24:9
	android:allowBackup
		ADDED from AndroidManifest.xml:22:9
	android:icon
		ADDED from AndroidManifest.xml:23:9
	android:theme
		ADDED from AndroidManifest.xml:25:9
	android:name
		ADDED from AndroidManifest.xml:21:9
meta-data#com.google.android.maps.v2.API_KEY
ADDED from AndroidManifest.xml:26:9
	android:value
		ADDED from AndroidManifest.xml:28:13
	android:name
		ADDED from AndroidManifest.xml:27:13
meta-data#com.facebook.sdk.ApplicationId
ADDED from AndroidManifest.xml:29:9
	android:value
		ADDED from AndroidManifest.xml:31:13
	android:name
		ADDED from AndroidManifest.xml:30:13
activity#pl.wasat.smarthma.ui.activities.StartActivity
ADDED from AndroidManifest.xml:33:9
	android:label
		ADDED from AndroidManifest.xml:35:13
	android:theme
		ADDED from AndroidManifest.xml:36:13
	android:name
		ADDED from AndroidManifest.xml:34:13
intent-filter#android.intent.action.MAIN+android.intent.category.LAUNCHER
ADDED from AndroidManifest.xml:37:13
action#android.intent.action.MAIN
ADDED from AndroidManifest.xml:38:17
	android:name
		ADDED from AndroidManifest.xml:38:25
category#android.intent.category.LAUNCHER
ADDED from AndroidManifest.xml:40:17
	android:name
		ADDED from AndroidManifest.xml:40:27
activity#pl.wasat.smarthma.ui.activities.CollectionsDefinitionActivity
ADDED from AndroidManifest.xml:43:9
	android:label
		ADDED from AndroidManifest.xml:45:13
	android:name
		ADDED from AndroidManifest.xml:44:13
meta-data#android.app.default_searchable
ADDED from AndroidManifest.xml:46:13
	android:value
		ADDED from AndroidManifest.xml:48:17
	android:name
		ADDED from AndroidManifest.xml:47:17
activity#pl.wasat.smarthma.ui.activities.CollectionsBrowserActivity
ADDED from AndroidManifest.xml:50:9
	android:label
		ADDED from AndroidManifest.xml:52:13
	android:name
		ADDED from AndroidManifest.xml:51:13
activity#pl.wasat.smarthma.ui.activities.ProductsBrowserActivity
ADDED from AndroidManifest.xml:53:9
	android:label
		ADDED from AndroidManifest.xml:55:13
	android:name
		ADDED from AndroidManifest.xml:54:13
=======
=======
>>>>>>> 3cdf4b5c6a0ee0167bee856d291a553acdc6d2f4
uses-sdk
ADDED from AndroidManifest.xml:7:5
MERGED from com.android.support:support-v4:21.0.3:15:5
MERGED from com.android.support:appcompat-v7:21.0.3:15:5
MERGED from com.android.support:support-v4:21.0.3:15:5
MERGED from com.google.android.gms:play-services:6.5.87:18:5
MERGED from com.android.support:support-v4:21.0.3:15:5
MERGED from com.amazon.android:amazon-maps-api:2.0:7:5
MERGED from com.facebook.android:facebook-android-sdk:3.22.0:20:5
MERGED from com.android.support:support-v4:21.0.3:15:5
	android:targetSdkVersion
		ADDED from AndroidManifest.xml:9:9
		INJECTED from AndroidManifest.xml:0:0
		INJECTED from AndroidManifest.xml:0:0
	android:minSdkVersion
		ADDED from AndroidManifest.xml:8:9
		INJECTED from AndroidManifest.xml:0:0
		INJECTED from AndroidManifest.xml:0:0
uses-amzn-sdk
ADDED from AndroidManifest.xml:11:5
	android:minSdkVersion
		ADDED from AndroidManifest.xml:11:20
uses-permission#android.permission.INTERNET
ADDED from AndroidManifest.xml:13:5
	android:name
		ADDED from AndroidManifest.xml:13:22
uses-permission#com.google.android.providers.gsf.permission.READ_GSERVICES
ADDED from AndroidManifest.xml:14:5
	android:name
		ADDED from AndroidManifest.xml:14:22
uses-permission#android.permission.ACCESS_FINE_LOCATION
ADDED from AndroidManifest.xml:15:5
	android:name
		ADDED from AndroidManifest.xml:15:22
uses-permission#android.permission.ACCESS_COARSE_LOCATION
ADDED from AndroidManifest.xml:16:5
	android:name
		ADDED from AndroidManifest.xml:16:22
uses-permission#android.permission.WRITE_EXTERNAL_STORAGE
ADDED from AndroidManifest.xml:17:5
	android:name
		ADDED from AndroidManifest.xml:17:22
uses-permission#android.permission.READ_EXTERNAL_STORAGE
ADDED from AndroidManifest.xml:18:5
	android:name
		ADDED from AndroidManifest.xml:18:22
uses-permission#android.permission.ACCESS_NETWORK_STATE
ADDED from AndroidManifest.xml:19:5
	android:name
		ADDED from AndroidManifest.xml:19:22
uses-permission#android.permission.ACCESS_WIFI_STATE
ADDED from AndroidManifest.xml:20:5
	android:name
		ADDED from AndroidManifest.xml:20:22
uses-feature#0x00020000
ADDED from AndroidManifest.xml:22:5
	android:required
		ADDED from AndroidManifest.xml:24:9
	android:glEsVersion
		ADDED from AndroidManifest.xml:23:9
application
ADDED from AndroidManifest.xml:26:5
MERGED from com.android.support:support-v4:21.0.3:16:5
MERGED from com.android.support:appcompat-v7:21.0.3:16:5
MERGED from com.android.support:support-v4:21.0.3:16:5
MERGED from com.google.android.gms:play-services:6.5.87:20:5
MERGED from com.android.support:support-v4:21.0.3:16:5
MERGED from com.amazon.android:amazon-maps-api:2.0:9:5
MERGED from com.facebook.android:facebook-android-sdk:3.22.0:24:5
MERGED from com.android.support:support-v4:21.0.3:16:5
	android:label
		ADDED from AndroidManifest.xml:30:9
	android:allowBackup
		ADDED from AndroidManifest.xml:28:9
	android:icon
		ADDED from AndroidManifest.xml:29:9
	android:theme
		ADDED from AndroidManifest.xml:31:9
	android:name
		ADDED from AndroidManifest.xml:27:9
meta-data#com.google.android.maps.v2.API_KEY
ADDED from AndroidManifest.xml:32:9
	android:name
		ADDED from AndroidManifest.xml:33:13
	android:value
		ADDED from AndroidManifest.xml:34:13
meta-data#com.facebook.sdk.ApplicationId
ADDED from AndroidManifest.xml:35:9
	android:name
		ADDED from AndroidManifest.xml:36:13
	android:value
		ADDED from AndroidManifest.xml:37:13
activity#pl.wasat.smarthma.ui.activities.StartActivity
ADDED from AndroidManifest.xml:39:9
	android:label
		ADDED from AndroidManifest.xml:41:13
	android:theme
		ADDED from AndroidManifest.xml:42:13
	android:name
		ADDED from AndroidManifest.xml:40:13
intent-filter#android.intent.action.MAIN+android.intent.category.LAUNCHER
ADDED from AndroidManifest.xml:43:13
action#android.intent.action.MAIN
ADDED from AndroidManifest.xml:44:17
	android:name
		ADDED from AndroidManifest.xml:44:25
category#android.intent.category.LAUNCHER
ADDED from AndroidManifest.xml:46:17
	android:name
		ADDED from AndroidManifest.xml:46:27
activity#pl.wasat.smarthma.ui.activities.CollectionsDefinitionActivity
ADDED from AndroidManifest.xml:49:9
	android:label
		ADDED from AndroidManifest.xml:51:13
	android:name
		ADDED from AndroidManifest.xml:50:13
meta-data#android.app.default_searchable
ADDED from AndroidManifest.xml:52:13
	android:name
		ADDED from AndroidManifest.xml:53:17
	android:value
		ADDED from AndroidManifest.xml:54:17
activity#pl.wasat.smarthma.ui.activities.CollectionsBrowserActivity
ADDED from AndroidManifest.xml:56:9
	android:label
		ADDED from AndroidManifest.xml:58:13
	android:name
		ADDED from AndroidManifest.xml:57:13
activity#pl.wasat.smarthma.ui.activities.ProductsBrowserActivity
ADDED from AndroidManifest.xml:59:9
	android:label
		ADDED from AndroidManifest.xml:61:13
	android:name
		ADDED from AndroidManifest.xml:60:13
<<<<<<< HEAD
>>>>>>> 3cdf4b5c6a0ee0167bee856d291a553acdc6d2f4
=======
>>>>>>> 3cdf4b5c6a0ee0167bee856d291a553acdc6d2f4
activity#pl.wasat.smarthma.ui.activities.SearchActivity
ADDED from AndroidManifest.xml:56:9
	android:label
		ADDED from AndroidManifest.xml:58:13
	android:name
		ADDED from AndroidManifest.xml:57:13
activity#pl.wasat.smarthma.ui.activities.SearchCollectionResultsActivity
ADDED from AndroidManifest.xml:64:9
	android:label
<<<<<<< HEAD
<<<<<<< HEAD
		ADDED from AndroidManifest.xml:66:13
	android:launchMode
		ADDED from AndroidManifest.xml:67:13
	android:name
		ADDED from AndroidManifest.xml:65:13
=======
=======
>>>>>>> 3cdf4b5c6a0ee0167bee856d291a553acdc6d2f4
		ADDED from AndroidManifest.xml:72:13
	android:name
		ADDED from AndroidManifest.xml:71:13
	android:launchMode
		ADDED from AndroidManifest.xml:73:13
<<<<<<< HEAD
>>>>>>> 3cdf4b5c6a0ee0167bee856d291a553acdc6d2f4
=======
>>>>>>> 3cdf4b5c6a0ee0167bee856d291a553acdc6d2f4
intent-filter#android.intent.action.SEARCH
ADDED from AndroidManifest.xml:68:13
action#android.intent.action.SEARCH
ADDED from AndroidManifest.xml:69:17
	android:name
		ADDED from AndroidManifest.xml:69:25
meta-data#android.app.searchable
ADDED from AndroidManifest.xml:72:13
	android:resource
		ADDED from AndroidManifest.xml:74:17
	android:name
		ADDED from AndroidManifest.xml:73:17
activity#pl.wasat.smarthma.ui.activities.MissionsActivity
ADDED from AndroidManifest.xml:76:9
	android:label
		ADDED from AndroidManifest.xml:78:13
	android:name
		ADDED from AndroidManifest.xml:77:13
activity#pl.wasat.smarthma.ui.activities.NewsActivity
<<<<<<< HEAD
<<<<<<< HEAD
ADDED from AndroidManifest.xml:79:9
	android:label
		ADDED from AndroidManifest.xml:81:13
	android:name
		ADDED from AndroidManifest.xml:80:13
activity#pl.wasat.smarthma.ui.activities.BaseSmartHMActivity
ADDED from AndroidManifest.xml:82:9
	android:name
		ADDED from AndroidManifest.xml:82:19
activity#com.facebook.LoginActivity
ADDED from AndroidManifest.xml:83:9
	android:label
		ADDED from AndroidManifest.xml:85:13
	android:theme
		ADDED from AndroidManifest.xml:86:13
	android:name
		ADDED from AndroidManifest.xml:84:13
service#com.octo.android.robospice.spicelist.okhttp.OkHttpBitmapSpiceService
ADDED from AndroidManifest.xml:90:9
	android:exported
		ADDED from AndroidManifest.xml:92:13
	android:name
		ADDED from AndroidManifest.xml:91:13
service#pl.wasat.smarthma.services.SmartHmaHttpSpiceService
ADDED from AndroidManifest.xml:93:9
	android:exported
		ADDED from AndroidManifest.xml:95:13
	android:name
		ADDED from AndroidManifest.xml:94:13
provider#com.facebook.NativeAppCallContentProvider
ADDED from AndroidManifest.xml:97:9
	android:authorities
		ADDED from AndroidManifest.xml:99:13
	android:exported
		ADDED from AndroidManifest.xml:100:13
	android:name
		ADDED from AndroidManifest.xml:98:13
receiver#pl.wasat.smarthma.receivers.SmartHmaFacebookBroadcastReceiver
ADDED from AndroidManifest.xml:102:9
=======
ADDED from AndroidManifest.xml:85:9
	android:label
		ADDED from AndroidManifest.xml:87:13
	android:name
		ADDED from AndroidManifest.xml:86:13
activity#pl.wasat.smarthma.ui.activities.BaseSmartHMActivity
ADDED from AndroidManifest.xml:88:9
	android:name
		ADDED from AndroidManifest.xml:88:19
activity#com.facebook.LoginActivity
ADDED from AndroidManifest.xml:89:9
	android:label
		ADDED from AndroidManifest.xml:91:13
	android:theme
		ADDED from AndroidManifest.xml:92:13
	android:name
		ADDED from AndroidManifest.xml:90:13
service#com.octo.android.robospice.spicelist.okhttp.OkHttpBitmapSpiceService
ADDED from AndroidManifest.xml:96:9
	android:exported
		ADDED from AndroidManifest.xml:98:13
	android:name
		ADDED from AndroidManifest.xml:97:13
service#pl.wasat.smarthma.services.SmartHmaHttpSpiceService
ADDED from AndroidManifest.xml:99:9
>>>>>>> 3cdf4b5c6a0ee0167bee856d291a553acdc6d2f4
	android:exported
		ADDED from AndroidManifest.xml:101:13
	android:name
<<<<<<< HEAD
		ADDED from AndroidManifest.xml:103:13
intent-filter#com.facebook.platform.AppCallResultBroadcast
ADDED from AndroidManifest.xml:105:13
action#com.facebook.platform.AppCallResultBroadcast
ADDED from AndroidManifest.xml:106:17
	android:name
		ADDED from AndroidManifest.xml:106:25
uses-sdk
INJECTED from AndroidManifest.xml:0:0 reason: use-sdk injection requested
MERGED from com.android.support:support-v4:22.0.0:20:5
MERGED from com.android.support:appcompat-v7:22.0.0:20:5
MERGED from com.android.support:support-v4:22.0.0:20:5
MERGED from com.google.android.gms:play-services:6.5.87:18:5
MERGED from com.android.support:support-v4:22.0.0:20:5
MERGED from com.amazon.android:amazon-maps-api:2.0:7:5
MERGED from com.facebook.android:facebook-android-sdk:3.22.0:20:5
MERGED from com.android.support:support-v4:22.0.0:20:5
MERGED from com.wunderlist:sliding-layer:1.1.1:22:5
MERGED from com.android.support:support-v4:22.0.0:20:5
	android:targetSdkVersion
		INJECTED from AndroidManifest.xml:0:0
		INJECTED from AndroidManifest.xml:0:0
	android:minSdkVersion
		INJECTED from AndroidManifest.xml:0:0
		INJECTED from AndroidManifest.xml:0:0
=======
ADDED from AndroidManifest.xml:85:9
	android:label
		ADDED from AndroidManifest.xml:87:13
	android:name
		ADDED from AndroidManifest.xml:86:13
activity#pl.wasat.smarthma.ui.activities.BaseSmartHMActivity
ADDED from AndroidManifest.xml:88:9
	android:name
		ADDED from AndroidManifest.xml:88:19
activity#com.facebook.LoginActivity
ADDED from AndroidManifest.xml:89:9
	android:label
		ADDED from AndroidManifest.xml:91:13
	android:theme
		ADDED from AndroidManifest.xml:92:13
	android:name
		ADDED from AndroidManifest.xml:90:13
service#com.octo.android.robospice.spicelist.okhttp.OkHttpBitmapSpiceService
ADDED from AndroidManifest.xml:96:9
	android:exported
		ADDED from AndroidManifest.xml:98:13
	android:name
		ADDED from AndroidManifest.xml:97:13
service#pl.wasat.smarthma.services.SmartHmaHttpSpiceService
ADDED from AndroidManifest.xml:99:9
	android:exported
		ADDED from AndroidManifest.xml:101:13
	android:name
=======
>>>>>>> 3cdf4b5c6a0ee0167bee856d291a553acdc6d2f4
		ADDED from AndroidManifest.xml:100:13
provider#com.facebook.NativeAppCallContentProvider
ADDED from AndroidManifest.xml:103:9
	android:exported
		ADDED from AndroidManifest.xml:106:13
	android:authorities
		ADDED from AndroidManifest.xml:105:13
	android:name
		ADDED from AndroidManifest.xml:104:13
receiver#pl.wasat.smarthma.receivers.SmartHmaFacebookBroadcastReceiver
ADDED from AndroidManifest.xml:108:9
	android:exported
		ADDED from AndroidManifest.xml:110:13
	android:name
		ADDED from AndroidManifest.xml:109:13
intent-filter#com.facebook.platform.AppCallResultBroadcast
ADDED from AndroidManifest.xml:111:13
action#com.facebook.platform.AppCallResultBroadcast
ADDED from AndroidManifest.xml:112:17
	android:name
		ADDED from AndroidManifest.xml:112:25
<<<<<<< HEAD
>>>>>>> 3cdf4b5c6a0ee0167bee856d291a553acdc6d2f4
=======
>>>>>>> 3cdf4b5c6a0ee0167bee856d291a553acdc6d2f4
meta-data#com.google.android.gms.version
ADDED from com.google.android.gms:play-services:6.5.87:21:9
	android:name
		ADDED from com.google.android.gms:play-services:6.5.87:22:13
	android:value
		ADDED from com.google.android.gms:play-services:6.5.87:23:13
uses-library#com.amazon.application.compatibility.enforcer
ADDED from com.amazon.android:amazon-maps-api:2.0:10:9
	android:required
		ADDED from com.amazon.android:amazon-maps-api:2.0:12:13
	android:name
<<<<<<< HEAD
<<<<<<< HEAD
		ADDED from com.google.android.gms:play-services:6.5.87:22:13
uses-library#com.amazon.application.compatibility.enforcer
ADDED from com.amazon.android:amazon-maps-api:2.0:10:9
	android:required
		ADDED from com.amazon.android:amazon-maps-api:2.0:12:13
	android:name
		ADDED from com.amazon.android:amazon-maps-api:2.0:11:13
meta-data#required_amazon_package:com.amazon.geo.mapsv2.services
ADDED from com.amazon.android:amazon-maps-api:2.0:14:9
	android:value
		ADDED from com.amazon.android:amazon-maps-api:2.0:16:13
	android:name
		ADDED from com.amazon.android:amazon-maps-api:2.0:15:13
meta-data#amazon_maps_services_required
ADDED from com.amazon.android:amazon-maps-api:2.0:17:9
	android:value
		ADDED from com.amazon.android:amazon-maps-api:2.0:19:13
	android:name
		ADDED from com.amazon.android:amazon-maps-api:2.0:18:13
=======
=======
>>>>>>> 3cdf4b5c6a0ee0167bee856d291a553acdc6d2f4
		ADDED from com.amazon.android:amazon-maps-api:2.0:11:13
meta-data#required_amazon_package:com.amazon.geo.mapsv2.services
ADDED from com.amazon.android:amazon-maps-api:2.0:14:9
	android:name
		ADDED from com.amazon.android:amazon-maps-api:2.0:15:13
	android:value
		ADDED from com.amazon.android:amazon-maps-api:2.0:16:13
meta-data#amazon_maps_services_required
ADDED from com.amazon.android:amazon-maps-api:2.0:17:9
	android:name
		ADDED from com.amazon.android:amazon-maps-api:2.0:18:13
	android:value
		ADDED from com.amazon.android:amazon-maps-api:2.0:19:13
<<<<<<< HEAD
>>>>>>> 3cdf4b5c6a0ee0167bee856d291a553acdc6d2f4
=======
>>>>>>> 3cdf4b5c6a0ee0167bee856d291a553acdc6d2f4